{"/Users/a/Desktop/marketplace/frontend/afristore-app/src/lib/lendingMath.ts": {"path":"/Users/a/Desktop/marketplace/frontend/afristore-app/src/lib/lendingMath.ts","statementMap":{"0":{"start":{"line":14,"column":28},"end":{"line":14,"column":null}},"1":{"start":{"line":17,"column":35},"end":{"line":17,"column":null}},"2":{"start":{"line":23,"column":37},"end":{"line":23,"column":null}},"3":{"start":{"line":30,"column":42},"end":{"line":30,"column":null}},"4":{"start":{"line":40,"column":2},"end":{"line":40,"column":null}},"5":{"start":{"line":40,"column":33},"end":{"line":40,"column":null}},"6":{"start":{"line":41,"column":2},"end":{"line":46,"column":null}},"7":{"start":{"line":42,"column":4},"end":{"line":44,"column":null}},"8":{"start":{"line":43,"column":6},"end":{"line":43,"column":null}},"9":{"start":{"line":45,"column":4},"end":{"line":45,"column":null}},"10":{"start":{"line":47,"column":2},"end":{"line":53,"column":null}},"11":{"start":{"line":48,"column":18},"end":{"line":48,"column":null}},"12":{"start":{"line":49,"column":4},"end":{"line":51,"column":null}},"13":{"start":{"line":50,"column":6},"end":{"line":50,"column":null}},"14":{"start":{"line":52,"column":4},"end":{"line":52,"column":null}},"15":{"start":{"line":54,"column":2},"end":{"line":54,"column":null}},"16":{"start":{"line":73,"column":2},"end":{"line":75,"column":null}},"17":{"start":{"line":74,"column":4},"end":{"line":74,"column":null}},"18":{"start":{"line":76,"column":2},"end":{"line":78,"column":null}},"19":{"start":{"line":77,"column":4},"end":{"line":77,"column":null}},"20":{"start":{"line":80,"column":16},"end":{"line":80,"column":null}},"21":{"start":{"line":81,"column":21},"end":{"line":81,"column":null}},"22":{"start":{"line":83,"column":14},"end":{"line":83,"column":null}},"23":{"start":{"line":84,"column":2},"end":{"line":88,"column":null}},"24":{"start":{"line":84,"column":15},"end":{"line":84,"column":18}},"25":{"start":{"line":85,"column":18},"end":{"line":85,"column":null}},"26":{"start":{"line":86,"column":17},"end":{"line":86,"column":null}},"27":{"start":{"line":87,"column":4},"end":{"line":87,"column":null}},"28":{"start":{"line":89,"column":2},"end":{"line":89,"column":null}},"29":{"start":{"line":106,"column":24},"end":{"line":106,"column":null}},"30":{"start":{"line":107,"column":18},"end":{"line":107,"column":null}},"31":{"start":{"line":109,"column":2},"end":{"line":109,"column":null}},"32":{"start":{"line":109,"column":21},"end":{"line":109,"column":null}},"33":{"start":{"line":110,"column":2},"end":{"line":110,"column":null}}},"fnMap":{"0":{"name":"toBigInt","decl":{"start":{"line":36,"column":16},"end":{"line":36,"column":null}},"loc":{"start":{"line":39,"column":10},"end":{"line":55,"column":null}},"line":39},"1":{"name":"calculateAccruedInterest","decl":{"start":{"line":68,"column":16},"end":{"line":68,"column":null}},"loc":{"start":{"line":72,"column":10},"end":{"line":90,"column":null}},"line":72},"2":{"name":"calculateHealthFactor","decl":{"start":{"line":102,"column":16},"end":{"line":102,"column":null}},"loc":{"start":{"line":105,"column":10},"end":{"line":111,"column":null}},"line":105}},"branchMap":{"0":{"loc":{"start":{"line":38,"column":2},"end":{"line":38,"column":null}},"type":"default-arg","locations":[{"start":{"line":38,"column":10},"end":{"line":38,"column":null}}],"line":38},"1":{"loc":{"start":{"line":40,"column":2},"end":{"line":40,"column":null}},"type":"if","locations":[{"start":{"line":40,"column":2},"end":{"line":40,"column":null}},{"start":{},"end":{}}],"line":40},"2":{"loc":{"start":{"line":41,"column":2},"end":{"line":46,"column":null}},"type":"if","locations":[{"start":{"line":41,"column":2},"end":{"line":46,"column":null}},{"start":{},"end":{}}],"line":41},"3":{"loc":{"start":{"line":42,"column":4},"end":{"line":44,"column":null}},"type":"if","locations":[{"start":{"line":42,"column":4},"end":{"line":44,"column":null}},{"start":{},"end":{}}],"line":42},"4":{"loc":{"start":{"line":47,"column":2},"end":{"line":53,"column":null}},"type":"if","locations":[{"start":{"line":47,"column":2},"end":{"line":53,"column":null}},{"start":{},"end":{}}],"line":47},"5":{"loc":{"start":{"line":49,"column":4},"end":{"line":51,"column":null}},"type":"if","locations":[{"start":{"line":49,"column":4},"end":{"line":51,"column":null}},{"start":{},"end":{}}],"line":49},"6":{"loc":{"start":{"line":71,"column":2},"end":{"line":71,"column":null}},"type":"default-arg","locations":[{"start":{"line":71,"column":47},"end":{"line":71,"column":null}}],"line":71},"7":{"loc":{"start":{"line":73,"column":2},"end":{"line":75,"column":null}},"type":"if","locations":[{"start":{"line":73,"column":2},"end":{"line":75,"column":null}},{"start":{},"end":{}}],"line":73},"8":{"loc":{"start":{"line":76,"column":2},"end":{"line":78,"column":null}},"type":"if","locations":[{"start":{"line":76,"column":2},"end":{"line":78,"column":null}},{"start":{},"end":{}}],"line":76},"9":{"loc":{"start":{"line":109,"column":2},"end":{"line":109,"column":null}},"type":"if","locations":[{"start":{"line":109,"column":2},"end":{"line":109,"column":null}},{"start":{},"end":{}}],"line":109}},"s":{"0":1,"1":1,"2":1,"3":1,"4":44,"5":22,"6":22,"7":17,"8":1,"9":16,"10":5,"11":4,"12":4,"13":2,"14":2,"15":1,"16":14,"17":1,"18":13,"19":2,"20":11,"21":11,"22":11,"23":11,"24":11,"25":14,"26":14,"27":14,"28":11,"29":7,"30":7,"31":7,"32":2,"33":5},"f":{"0":44,"1":14,"2":7},"b":{"0":[44],"1":[22,22],"2":[17,5],"3":[1,16],"4":[4,1],"5":[2,2],"6":[14],"7":[1,13],"8":[2,11],"9":[2,5]},"meta":{"lastBranch":10,"lastFunction":3,"lastStatement":34,"seen":{"s:14:28:14:Infinity":0,"s:17:35:17:Infinity":1,"s:23:37:23:Infinity":2,"s:30:42:30:Infinity":3,"f:36:16:36:Infinity":0,"b:38:10:38:Infinity":0,"b:40:2:40:Infinity:undefined:undefined:undefined:undefined":1,"s:40:2:40:Infinity":4,"s:40:33:40:Infinity":5,"b:41:2:46:Infinity:undefined:undefined:undefined:undefined":2,"s:41:2:46:Infinity":6,"b:42:4:44:Infinity:undefined:undefined:undefined:undefined":3,"s:42:4:44:Infinity":7,"s:43:6:43:Infinity":8,"s:45:4:45:Infinity":9,"b:47:2:53:Infinity:undefined:undefined:undefined:undefined":4,"s:47:2:53:Infinity":10,"s:48:18:48:Infinity":11,"b:49:4:51:Infinity:undefined:undefined:undefined:undefined":5,"s:49:4:51:Infinity":12,"s:50:6:50:Infinity":13,"s:52:4:52:Infinity":14,"s:54:2:54:Infinity":15,"f:68:16:68:Infinity":1,"b:71:47:71:Infinity":6,"b:73:2:75:Infinity:undefined:undefined:undefined:undefined":7,"s:73:2:75:Infinity":16,"s:74:4:74:Infinity":17,"b:76:2:78:Infinity:undefined:undefined:undefined:undefined":8,"s:76:2:78:Infinity":18,"s:77:4:77:Infinity":19,"s:80:16:80:Infinity":20,"s:81:21:81:Infinity":21,"s:83:14:83:Infinity":22,"s:84:2:88:Infinity":23,"s:84:15:84:18":24,"s:85:18:85:Infinity":25,"s:86:17:86:Infinity":26,"s:87:4:87:Infinity":27,"s:89:2:89:Infinity":28,"f:102:16:102:Infinity":2,"s:106:24:106:Infinity":29,"s:107:18:107:Infinity":30,"b:109:2:109:Infinity:undefined:undefined:undefined:undefined":9,"s:109:2:109:Infinity":31,"s:109:21:109:Infinity":32,"s:110:2:110:Infinity":33},"fnNames":{}}}
}
